<?xml version="1.0" encoding="UTF-8"?>
<!-- Generated by org.testng.reporters.JUnitReportReporter -->
<testsuite skipped="0" hostname="DESKTOP-J6F4TA8" name="PostData.data" tests="1" failures="0" timestamp="2020-09-29T12:14:53 IST" time="6.826" errors="0">
  <testcase name="test1" time="6.826" classname="PostData.data"/>
  <system-out/>
</testsuite> <!-- PostData.data -->
