<?xml version="1.0" encoding="UTF-8"?>
<!-- Generated by org.testng.reporters.JUnitReportReporter -->
<testsuite skipped="0" hostname="DESKTOP-J6F4TA8" name="PutData.put" tests="1" failures="0" timestamp="2020-09-29T12:14:53 IST" time="3.983" errors="0">
  <testcase name="modifydata" time="3.983" classname="PutData.put"/>
  <system-out/>
</testsuite> <!-- PutData.put -->
