<?xml version="1.0" encoding="UTF-8"?>
<!-- Generated by org.testng.reporters.JUnitReportReporter -->
<testsuite skipped="0" hostname="DESKTOP-J6F4TA8" name="GetData.data" tests="2" failures="0" timestamp="2020-09-29T12:14:53 IST" time="4.355" errors="0">
  <testcase name="testResponseCode" time="2.557" classname="GetData.data"/>
  <system-out/>
  <testcase name="testBody" time="1.798" classname="GetData.data"/>
  <system-out/>
</testsuite> <!-- GetData.data -->
